\BOOKMARK [1][-]{section.1}{\376\377\000S\000u\000m\000m\000a\000r\000y\000\040\000o\000f\000\040\000P\000r\000o\000f\000\040\000G\000i\000l\000b\000e\000r\000t\000\040\000S\000t\000r\000a\000n\000g\000'\000s\000\040\000l\000e\000c\000t\000u\000r\000e\000\040\000o\000n\000\040\000S\000V\000D}{}% 1
\BOOKMARK [1][-]{section.2}{\376\377\000P\000o\000w\000e\000r\000\040\000M\000e\000t\000h\000o\000d}{}% 2
\BOOKMARK [2][-]{subsection.2.1}{\376\377\000S\000V\000D\000\040\000A\000l\000g\000o\000r\000i\000t\000h\000m\000:\000\040\000P\000o\000w\000e\000r\000\040\000M\000e\000t\000h\000o\000d}{section.2}% 3
\BOOKMARK [2][-]{subsection.2.2}{\376\377\000P\000s\000e\000u\000d\000o\000c\000o\000d\000e}{section.2}% 4
\BOOKMARK [2][-]{subsection.2.3}{\376\377\000I\000m\000a\000g\000e\000\040\000I\000/\000O}{section.2}% 5
\BOOKMARK [1][-]{section.3}{\376\377\000R\000e\000s\000u\000l\000t\000s}{}% 6
\BOOKMARK [2][-]{subsection.3.1}{\376\377\000V\000i\000s\000u\000a\000l\000\040\000R\000e\000s\000u\000l\000t\000s\000:\000E\000i\000n\000s\000t\000e\000i\000n}{section.3}% 7
\BOOKMARK [2][-]{subsection.3.2}{\376\377\000V\000i\000s\000u\000a\000l\000\040\000R\000e\000s\000u\000l\000t\000s\000:\000G\000l\000o\000b\000e}{section.3}% 8
\BOOKMARK [2][-]{subsection.3.3}{\376\377\000V\000i\000s\000u\000a\000l\000\040\000R\000e\000s\000u\000l\000t\000s\000:\000G\000r\000e\000y\000s\000c\000a\000l\000e}{section.3}% 9
\BOOKMARK [1][-]{section.4}{\376\377\000T\000r\000a\000d\000e\000-\000o\000f\000f\000s\000\040\000a\000n\000d\000\040\000R\000e\000f\000l\000e\000c\000t\000i\000o\000n\000s\000\040\000o\000n\000\040\000I\000m\000p\000l\000e\000m\000e\000n\000t\000a\000t\000i\000o\000n}{}% 10
\BOOKMARK [1][-]{section.5}{\376\377\000C\000o\000m\000p\000a\000r\000i\000s\000o\000n\000\040\000w\000i\000t\000h\000\040\000P\000y\000t\000h\000o\000n\000\040\000I\000m\000p\000l\000e\000m\000e\000n\000t\000a\000t\000i\000o\000n}{}% 11
\BOOKMARK [2][-]{subsection.5.1}{\376\377\000P\000y\000t\000h\000o\000n\000\040\000R\000e\000s\000u\000l\000t\000s}{section.5}% 12
\BOOKMARK [2][-]{subsection.5.2}{\376\377\000A\000n\000a\000l\000y\000s\000i\000s}{section.5}% 13
\BOOKMARK [1][-]{section.6}{\376\377\000C\000o\000n\000c\000l\000u\000s\000i\000o\000n}{}% 14
\BOOKMARK [1][-]{section.7}{\376\377\000E\000x\000t\000e\000n\000s\000i\000o\000n\000\040\000t\000o\000\040\000C\000o\000l\000o\000r\000\040\000I\000m\000a\000g\000e\000s}{}% 15
\BOOKMARK [2][-]{subsection.7.1}{\376\377\000C\000o\000n\000c\000e\000p\000t\000\040\000f\000o\000r\000\040\000R\000G\000B\000\040\000I\000m\000a\000g\000e\000s}{section.7}% 16
\BOOKMARK [2][-]{subsection.7.2}{\376\377\000E\000x\000p\000l\000a\000n\000a\000t\000i\000o\000n\000\040\000o\000f\000\040\000L\000o\000g\000i\000c\000\040\000f\000o\000r\000\040\000R\000G\000B}{section.7}% 17
\BOOKMARK [2][-]{subsection.7.3}{\376\377\000R\000G\000B\000\040\000R\000e\000s\000u\000l\000t\000s}{section.7}% 18
\BOOKMARK [2][-]{subsection.7.4}{\376\377\000V\000i\000s\000u\000a\000l\000\040\000R\000e\000s\000u\000l\000t\000s\000:\000I\000c\000e\000b\000e\000r\000g}{section.7}% 19
\BOOKMARK [2][-]{subsection.7.5}{\376\377\000V\000i\000s\000u\000a\000l\000\040\000R\000e\000s\000u\000l\000t\000s\000:\000L\000o\000t\000m}{section.7}% 20
